21:56:26 INFO   - Opened sitehttps://ilcarro-dev-v1.firebaseapp.com/
21:56:26 INFO   - start testtestRegistration
21:56:44 INFO   - stop testtestRegistration
21:56:44 INFO   - start testtestRegistrationNegative
21:56:53 INFO   - stop testtestRegistrationNegative
21:56:53 INFO   - start testtestLogin
21:57:03 INFO   - 
 user name is my.email1608662540277@gmail.com 
 user password is Aa125546
21:57:08 INFO   - Test passed
21:57:09 INFO   - Created screenshotsrc/test/screenshots/screenshot-1612382228782.png
21:57:09 INFO   - stop testtestLogin
21:57:09 INFO   - start testtestLoginDataProvider
21:57:10 INFO   - 
 user name ismy.email1608662540277@gmail.com
 user password is Aa125546
21:57:14 INFO   - Test passed
21:57:15 INFO   - Created screenshotsrc/test/screenshots/screenshot-1612382234847.png
21:57:15 INFO   - stop testtestLoginDataProvider
21:57:15 INFO   - start testtestLoginDataProviderCsv
21:57:16 INFO   - 
 user name is my.email1608662540277@gmail.com 
 user password isAa125546
21:57:20 INFO   - Test passed
21:57:21 INFO   - Created screenshotsrc/test/screenshots/screenshot-1612382240871.png
21:57:21 INFO   - stop testtestLoginDataProviderCsv
21:57:21 INFO   - start testtestCarCreation
21:57:35 INFO   - stop testtestCarCreation
21:57:35 INFO   - start testlogoutTest
21:57:36 INFO   - stop testlogoutTest
